Performing C SOURCE FILE Test CMAKE_HAVE_LIBC_PTHREAD failed with the following output:
Change Dir: /opt/nvidia/deepstream/deepstream-5.1/sources/apps/sample_apps/deepstream-test2/build/CMakeFiles/CMakeTmp

Run Build Command(s):/usr/bin/make -f Makefile cmTC_b2e98/fast && /usr/bin/make  -f CMakeFiles/cmTC_b2e98.dir/build.make CMakeFiles/cmTC_b2e98.dir/build
make[1]: Entering directory '/opt/nvidia/deepstream/deepstream-5.1/sources/apps/sample_apps/deepstream-test2/build/CMakeFiles/CMakeTmp'
Building C object CMakeFiles/cmTC_b2e98.dir/src.c.o
/usr/bin/cc -DCMAKE_HAVE_LIBC_PTHREAD  -fPIC  -o CMakeFiles/cmTC_b2e98.dir/src.c.o -c /opt/nvidia/deepstream/deepstream-5.1/sources/apps/sample_apps/deepstream-test2/build/CMakeFiles/CMakeTmp/src.c
Linking C executable cmTC_b2e98
/usr/bin/cmake -E cmake_link_script CMakeFiles/cmTC_b2e98.dir/link.txt --verbose=1
/usr/bin/cc -fPIC  CMakeFiles/cmTC_b2e98.dir/src.c.o -o cmTC_b2e98 
CMakeFiles/cmTC_b2e98.dir/src.c.o: In function `main':
src.c:(.text+0x3e): undefined reference to `pthread_create'
src.c:(.text+0x4a): undefined reference to `pthread_detach'
src.c:(.text+0x56): undefined reference to `pthread_cancel'
src.c:(.text+0x67): undefined reference to `pthread_join'
src.c:(.text+0x7b): undefined reference to `pthread_atfork'
collect2: error: ld returned 1 exit status
CMakeFiles/cmTC_b2e98.dir/build.make:98: recipe for target 'cmTC_b2e98' failed
make[1]: *** [cmTC_b2e98] Error 1
make[1]: Leaving directory '/opt/nvidia/deepstream/deepstream-5.1/sources/apps/sample_apps/deepstream-test2/build/CMakeFiles/CMakeTmp'
Makefile:127: recipe for target 'cmTC_b2e98/fast' failed
make: *** [cmTC_b2e98/fast] Error 2


Source file was:
#include <pthread.h>

static void* test_func(void* data)
{
  return data;
}

int main(void)
{
  pthread_t thread;
  pthread_create(&thread, NULL, test_func, NULL);
  pthread_detach(thread);
  pthread_cancel(thread);
  pthread_join(thread, NULL);
  pthread_atfork(NULL, NULL, NULL);
  pthread_exit(NULL);

  return 0;
}

Determining if the function pthread_create exists in the pthreads failed with the following output:
Change Dir: /opt/nvidia/deepstream/deepstream-5.1/sources/apps/sample_apps/deepstream-test2/build/CMakeFiles/CMakeTmp

Run Build Command(s):/usr/bin/make -f Makefile cmTC_7ccea/fast && /usr/bin/make  -f CMakeFiles/cmTC_7ccea.dir/build.make CMakeFiles/cmTC_7ccea.dir/build
make[1]: Entering directory '/opt/nvidia/deepstream/deepstream-5.1/sources/apps/sample_apps/deepstream-test2/build/CMakeFiles/CMakeTmp'
Building C object CMakeFiles/cmTC_7ccea.dir/CheckFunctionExists.c.o
/usr/bin/cc   -fPIC -DCHECK_FUNCTION_EXISTS=pthread_create -o CMakeFiles/cmTC_7ccea.dir/CheckFunctionExists.c.o -c /usr/share/cmake-3.20/Modules/CheckFunctionExists.c
Linking C executable cmTC_7ccea
/usr/bin/cmake -E cmake_link_script CMakeFiles/cmTC_7ccea.dir/link.txt --verbose=1
/usr/bin/cc -fPIC -DCHECK_FUNCTION_EXISTS=pthread_create CMakeFiles/cmTC_7ccea.dir/CheckFunctionExists.c.o -o cmTC_7ccea  -lpthreads 
/usr/bin/ld: cannot find -lpthreads
collect2: error: ld returned 1 exit status
CMakeFiles/cmTC_7ccea.dir/build.make:98: recipe for target 'cmTC_7ccea' failed
make[1]: *** [cmTC_7ccea] Error 1
make[1]: Leaving directory '/opt/nvidia/deepstream/deepstream-5.1/sources/apps/sample_apps/deepstream-test2/build/CMakeFiles/CMakeTmp'
Makefile:127: recipe for target 'cmTC_7ccea/fast' failed
make: *** [cmTC_7ccea/fast] Error 2



